[0.012s] Invoking command in '/home/berwyn/ros2_ws/build/mata': /usr/bin/cmake /home/berwyn/ros2_ws/mata -DCMAKE_INSTALL_PREFIX=/home/berwyn/ros2_ws/install/mata
[0.034s] [31mCMake Error at CMakeLists.txt:9 (find_package):
[0.034s]   By not providing "Findament_cmake.cmake" in CMAKE_MODULE_PATH this project
[0.034s]   has asked CMake to find a package configuration file provided by
[0.034s]   "ament_cmake", but CMake did not find one.
[0.034s] 
[0.034s]   Could not find a package configuration file provided by "ament_cmake" with
[0.034s]   any of the following names:
[0.034s] 
[0.034s]     ament_cmakeConfig.cmake
[0.034s]     ament_cmake-config.cmake
[0.035s] 
[0.035s]   Add the installation prefix of "ament_cmake" to CMAKE_PREFIX_PATH or set
[0.035s]   "ament_cmake_DIR" to a directory containing one of the above files.  If
[0.035s]   "ament_cmake" provides a separate development package or SDK, be sure it
[0.035s]   has been installed.
[0.035s] 
[0.035s] [0m
[0.035s] -- Configuring incomplete, errors occurred!
[0.035s] See also "/home/berwyn/ros2_ws/build/mata/CMakeFiles/CMakeOutput.log".
[0.036s] Invoked command in '/home/berwyn/ros2_ws/build/mata' returned '1': /usr/bin/cmake /home/berwyn/ros2_ws/mata -DCMAKE_INSTALL_PREFIX=/home/berwyn/ros2_ws/install/mata
