[ 50%] [32mBuilding CXX object CMakeFiles/video_masking_node.dir/src/main.cpp.o[0m
[01m[K/home/berwyn/ros2_ws/mata/src/main.cpp:[m[K In constructor ‘[01m[KVideoMaskingNode::VideoMaskingNode(const string&)[m[K’:
[01m[K/home/berwyn/ros2_ws/mata/src/main.cpp:8:41:[m[K [01;35m[Kwarning: [m[Kunused parameter ‘[01m[Kvideo_path[m[K’ [[01;35m[K]8;;https://gcc.gnu.org/onlinedocs/gcc/Warning-Options.html#index-Wunused-parameter-Wunused-parameter]8;;[m[K]
    8 |     VideoMaskingNode([01;35m[Kconst std::string &video_path[m[K) : Node("video_masking_node") {
      |                      [01;35m[K~~~~~~~~~~~~~~~~~~~^~~~~~~~~~[m[K
[100%] [32m[1mLinking CXX executable video_masking_node[0m
[100%] Built target video_masking_node
-- Install configuration: ""
-- Installing: /home/berwyn/ros2_ws/install/mata/lib/mata/video_masking_node
-- Set runtime path of "/home/berwyn/ros2_ws/install/mata/lib/mata/video_masking_node" to ""
-- Up-to-date: /home/berwyn/ros2_ws/install/mata/share/ament_index/resource_index/package_run_dependencies/mata
-- Up-to-date: /home/berwyn/ros2_ws/install/mata/share/ament_index/resource_index/parent_prefix_path/mata
-- Up-to-date: /home/berwyn/ros2_ws/install/mata/share/mata/environment/ament_prefix_path.sh
-- Up-to-date: /home/berwyn/ros2_ws/install/mata/share/mata/environment/ament_prefix_path.dsv
-- Up-to-date: /home/berwyn/ros2_ws/install/mata/share/mata/environment/path.sh
-- Up-to-date: /home/berwyn/ros2_ws/install/mata/share/mata/environment/path.dsv
-- Up-to-date: /home/berwyn/ros2_ws/install/mata/share/mata/local_setup.bash
-- Up-to-date: /home/berwyn/ros2_ws/install/mata/share/mata/local_setup.sh
-- Up-to-date: /home/berwyn/ros2_ws/install/mata/share/mata/local_setup.zsh
-- Up-to-date: /home/berwyn/ros2_ws/install/mata/share/mata/local_setup.dsv
-- Installing: /home/berwyn/ros2_ws/install/mata/share/mata/package.dsv
-- Up-to-date: /home/berwyn/ros2_ws/install/mata/share/ament_index/resource_index/packages/mata
-- Up-to-date: /home/berwyn/ros2_ws/install/mata/share/mata/cmake/mataConfig.cmake
-- Up-to-date: /home/berwyn/ros2_ws/install/mata/share/mata/cmake/mataConfig-version.cmake
-- Up-to-date: /home/berwyn/ros2_ws/install/mata/share/mata/package.xml
