[0.028s] Invoking command in '/home/berwyn/ros2_ws/build/mata': CMAKE_PREFIX_PATH=${CMAKE_PREFIX_PATH}:/opt/ros/humble /usr/bin/cmake --build /home/berwyn/ros2_ws/build/mata -- -j8 -l8
[0.119s] [35m[1mConsolidate compiler generated dependencies of target video_masking_node[0m
[0.144s] [100%] Built target video_masking_node
[0.157s] Invoked command in '/home/berwyn/ros2_ws/build/mata' returned '0': CMAKE_PREFIX_PATH=${CMAKE_PREFIX_PATH}:/opt/ros/humble /usr/bin/cmake --build /home/berwyn/ros2_ws/build/mata -- -j8 -l8
[0.197s] Invoking command in '/home/berwyn/ros2_ws/build/mata': CMAKE_PREFIX_PATH=${CMAKE_PREFIX_PATH}:/opt/ros/humble /usr/bin/cmake --install /home/berwyn/ros2_ws/build/mata
[0.206s] -- Install configuration: ""
[0.219s] -- Up-to-date: /home/berwyn/ros2_ws/install/mata/lib/mata/video_masking_node
[0.220s] -- Up-to-date: /home/berwyn/ros2_ws/install/mata/share/ament_index/resource_index/package_run_dependencies/mata
[0.220s] -- Up-to-date: /home/berwyn/ros2_ws/install/mata/share/ament_index/resource_index/parent_prefix_path/mata
[0.220s] -- Up-to-date: /home/berwyn/ros2_ws/install/mata/share/mata/environment/ament_prefix_path.sh
[0.220s] -- Up-to-date: /home/berwyn/ros2_ws/install/mata/share/mata/environment/ament_prefix_path.dsv
[0.220s] -- Up-to-date: /home/berwyn/ros2_ws/install/mata/share/mata/environment/path.sh
[0.220s] -- Up-to-date: /home/berwyn/ros2_ws/install/mata/share/mata/environment/path.dsv
[0.220s] -- Up-to-date: /home/berwyn/ros2_ws/install/mata/share/mata/local_setup.bash
[0.221s] -- Up-to-date: /home/berwyn/ros2_ws/install/mata/share/mata/local_setup.sh
[0.221s] -- Up-to-date: /home/berwyn/ros2_ws/install/mata/share/mata/local_setup.zsh
[0.221s] -- Up-to-date: /home/berwyn/ros2_ws/install/mata/share/mata/local_setup.dsv
[0.221s] -- Installing: /home/berwyn/ros2_ws/install/mata/share/mata/package.dsv
[0.229s] -- Up-to-date: /home/berwyn/ros2_ws/install/mata/share/ament_index/resource_index/packages/mata
[0.229s] -- Up-to-date: /home/berwyn/ros2_ws/install/mata/share/mata/cmake/mataConfig.cmake
[0.229s] -- Up-to-date: /home/berwyn/ros2_ws/install/mata/share/mata/cmake/mataConfig-version.cmake
[0.230s] -- Up-to-date: /home/berwyn/ros2_ws/install/mata/share/mata/package.xml
[0.233s] Invoked command in '/home/berwyn/ros2_ws/build/mata' returned '0': CMAKE_PREFIX_PATH=${CMAKE_PREFIX_PATH}:/opt/ros/humble /usr/bin/cmake --install /home/berwyn/ros2_ws/build/mata
