[0.039s] Invoking command in '/home/berwyn/ros2_ws/build/mata': /usr/bin/cmake /home/berwyn/ros2_ws/mata -DCMAKE_INSTALL_PREFIX=/home/berwyn/ros2_ws/install/mata
[1.261s] [31mCMake Error at CMakeLists.txt:9 (find_package):
[1.261s]   By not providing "Findament_cmake.cmake" in CMAKE_MODULE_PATH this project
[1.261s]   has asked CMake to find a package configuration file provided by
[1.261s]   "ament_cmake", but CMake did not find one.
[1.261s] 
[1.261s]   Could not find a package configuration file provided by "ament_cmake" with
[1.261s]   any of the following names:
[1.262s] 
[1.262s]     ament_cmakeConfig.cmake
[1.262s]     ament_cmake-config.cmake
[1.262s] 
[1.262s]   Add the installation prefix of "ament_cmake" to CMAKE_PREFIX_PATH or set
[1.262s]   "ament_cmake_DIR" to a directory containing one of the above files.  If
[1.262s]   "ament_cmake" provides a separate development package or SDK, be sure it
[1.262s]   has been installed.
[1.262s] 
[1.263s] [0m
[1.263s] -- Configuring incomplete, errors occurred!
[1.263s] See also "/home/berwyn/ros2_ws/build/mata/CMakeFiles/CMakeOutput.log".
[1.295s] Invoked command in '/home/berwyn/ros2_ws/build/mata' returned '1': /usr/bin/cmake /home/berwyn/ros2_ws/mata -DCMAKE_INSTALL_PREFIX=/home/berwyn/ros2_ws/install/mata
