[0.011s] Invoking command in '/home/berwyn/ros2_ws/build/mata': CMAKE_PREFIX_PATH=${CMAKE_PREFIX_PATH}:/opt/ros/humble /usr/bin/cmake /home/berwyn/ros2_ws/mata -DCMAKE_INSTALL_PREFIX=/home/berwyn/ros2_ws/install/mata
[0.078s] -- Found ament_cmake: 1.3.10 (/opt/ros/humble/share/ament_cmake/cmake)
[0.413s] -- Found Python3: /usr/bin/python3 (found version "3.10.12") found components: Interpreter 
[0.914s] -- Found rclcpp: 16.0.10 (/opt/ros/humble/share/rclcpp/cmake)
[1.257s] -- Found rosidl_generator_c: 3.1.5 (/opt/ros/humble/share/rosidl_generator_c/cmake)
[1.298s] -- Found rosidl_adapter: 3.1.5 (/opt/ros/humble/share/rosidl_adapter/cmake)
[1.406s] -- Found rosidl_generator_cpp: 3.1.5 (/opt/ros/humble/share/rosidl_generator_cpp/cmake)
[1.468s] -- Using all available rosidl_typesupport_c: rosidl_typesupport_fastrtps_c;rosidl_typesupport_introspection_c
[1.593s] -- Using all available rosidl_typesupport_cpp: rosidl_typesupport_fastrtps_cpp;rosidl_typesupport_introspection_cpp
[1.839s] -- Found rmw_implementation_cmake: 6.1.2 (/opt/ros/humble/share/rmw_implementation_cmake/cmake)
[1.877s] -- Found rmw_fastrtps_cpp: 6.2.7 (/opt/ros/humble/share/rmw_fastrtps_cpp/cmake)
[2.196s] -- Found OpenSSL: /usr/lib/x86_64-linux-gnu/libcrypto.so (found version "3.0.2")  
[2.393s] -- Found FastRTPS: /opt/ros/humble/include  
[2.449s] -- Using RMW implementation 'rmw_fastrtps_cpp' as default
[2.543s] -- Looking for pthread.h
[2.932s] -- Looking for pthread.h - found
[2.948s] -- Performing Test CMAKE_HAVE_LIBC_PTHREAD
[3.074s] -- Performing Test CMAKE_HAVE_LIBC_PTHREAD - Success
[3.075s] -- Found Threads: TRUE  
[3.282s] -- Found sensor_msgs: 4.2.4 (/opt/ros/humble/share/sensor_msgs/cmake)
[3.343s] -- Found cv_bridge: 3.2.1 (/opt/ros/humble/share/cv_bridge/cmake)
[3.383s] -- Found OpenCV: /usr (found version "4.5.4") 
[3.398s] -- Found ament_lint_auto: 0.12.11 (/opt/ros/humble/share/ament_lint_auto/cmake)
[3.702s] -- Added test 'cppcheck' to perform static code analysis on C / C++ code
[3.702s] -- Configured cppcheck include dirs: /home/berwyn/ros2_ws/mata/include
[3.702s] -- Configured cppcheck exclude dirs and/or files: 
[3.707s] -- Added test 'flake8' to check Python code syntax and style conventions
[3.713s] -- Added test 'lint_cmake' to check CMake code style
[3.716s] -- Added test 'pep257' to check Python code against some of the docstring style conventions in PEP 257
[3.736s] -- Added test 'uncrustify' to check C / C++ code style
[3.736s] -- Configured uncrustify additional arguments: 
[3.739s] -- Added test 'xmllint' to check XML markup files
[3.755s] -- Configuring done
[3.778s] -- Generating done
[3.780s] -- Build files have been written to: /home/berwyn/ros2_ws/build/mata
[3.789s] Invoked command in '/home/berwyn/ros2_ws/build/mata' returned '0': CMAKE_PREFIX_PATH=${CMAKE_PREFIX_PATH}:/opt/ros/humble /usr/bin/cmake /home/berwyn/ros2_ws/mata -DCMAKE_INSTALL_PREFIX=/home/berwyn/ros2_ws/install/mata
[3.792s] Invoking command in '/home/berwyn/ros2_ws/build/mata': CMAKE_PREFIX_PATH=${CMAKE_PREFIX_PATH}:/opt/ros/humble /usr/bin/cmake --build /home/berwyn/ros2_ws/build/mata -- -j8 -l8
[3.842s] [ 50%] [32mBuilding CXX object CMakeFiles/video_masking_node.dir/src/main.cpp.o[0m
[9.769s] [100%] [32m[1mLinking CXX executable video_masking_node[0m
[10.347s] [100%] Built target video_masking_node
[10.359s] Invoked command in '/home/berwyn/ros2_ws/build/mata' returned '0': CMAKE_PREFIX_PATH=${CMAKE_PREFIX_PATH}:/opt/ros/humble /usr/bin/cmake --build /home/berwyn/ros2_ws/build/mata -- -j8 -l8
[10.394s] Invoking command in '/home/berwyn/ros2_ws/build/mata': CMAKE_PREFIX_PATH=${CMAKE_PREFIX_PATH}:/opt/ros/humble /usr/bin/cmake --install /home/berwyn/ros2_ws/build/mata
[10.403s] -- Install configuration: ""
[10.403s] -- Installing: /home/berwyn/ros2_ws/install/mata/lib/mata/video_masking_node
[10.404s] -- Set runtime path of "/home/berwyn/ros2_ws/install/mata/lib/mata/video_masking_node" to ""
[10.404s] -- Installing: /home/berwyn/ros2_ws/install/mata/share/ament_index/resource_index/package_run_dependencies/mata
[10.405s] -- Installing: /home/berwyn/ros2_ws/install/mata/share/ament_index/resource_index/parent_prefix_path/mata
[10.405s] -- Installing: /home/berwyn/ros2_ws/install/mata/share/mata/environment/ament_prefix_path.sh
[10.405s] -- Installing: /home/berwyn/ros2_ws/install/mata/share/mata/environment/ament_prefix_path.dsv
[10.405s] -- Installing: /home/berwyn/ros2_ws/install/mata/share/mata/environment/path.sh
[10.405s] -- Installing: /home/berwyn/ros2_ws/install/mata/share/mata/environment/path.dsv
[10.405s] -- Installing: /home/berwyn/ros2_ws/install/mata/share/mata/local_setup.bash
[10.405s] -- Installing: /home/berwyn/ros2_ws/install/mata/share/mata/local_setup.sh
[10.406s] -- Installing: /home/berwyn/ros2_ws/install/mata/share/mata/local_setup.zsh
[10.406s] -- Installing: /home/berwyn/ros2_ws/install/mata/share/mata/local_setup.dsv
[10.406s] -- Installing: /home/berwyn/ros2_ws/install/mata/share/mata/package.dsv
[10.406s] -- Installing: /home/berwyn/ros2_ws/install/mata/share/ament_index/resource_index/packages/mata
[10.406s] -- Installing: /home/berwyn/ros2_ws/install/mata/share/mata/cmake/mataConfig.cmake
[10.407s] -- Installing: /home/berwyn/ros2_ws/install/mata/share/mata/cmake/mataConfig-version.cmake
[10.407s] -- Installing: /home/berwyn/ros2_ws/install/mata/share/mata/package.xml
[10.409s] Invoked command in '/home/berwyn/ros2_ws/build/mata' returned '0': CMAKE_PREFIX_PATH=${CMAKE_PREFIX_PATH}:/opt/ros/humble /usr/bin/cmake --install /home/berwyn/ros2_ws/build/mata
