[0.013s] Invoking command in '/home/berwyn/ros2_ws/build/mata': CMAKE_PREFIX_PATH=${CMAKE_PREFIX_PATH}:/opt/ros/humble /usr/bin/cmake --build /home/berwyn/ros2_ws/build/mata -- -j8 -l8
[0.055s] [35m[1mConsolidate compiler generated dependencies of target video_masking_node[0m
[0.075s] [100%] Built target video_masking_node
[0.087s] Invoked command in '/home/berwyn/ros2_ws/build/mata' returned '0': CMAKE_PREFIX_PATH=${CMAKE_PREFIX_PATH}:/opt/ros/humble /usr/bin/cmake --build /home/berwyn/ros2_ws/build/mata -- -j8 -l8
[0.120s] Invoking command in '/home/berwyn/ros2_ws/build/mata': CMAKE_PREFIX_PATH=${CMAKE_PREFIX_PATH}:/opt/ros/humble /usr/bin/cmake --install /home/berwyn/ros2_ws/build/mata
[0.128s] -- Install configuration: ""
[0.128s] -- Up-to-date: /home/berwyn/ros2_ws/install/mata/lib/mata/video_masking_node
[0.129s] -- Up-to-date: /home/berwyn/ros2_ws/install/mata/share/ament_index/resource_index/package_run_dependencies/mata
[0.129s] -- Up-to-date: /home/berwyn/ros2_ws/install/mata/share/ament_index/resource_index/parent_prefix_path/mata
[0.129s] -- Up-to-date: /home/berwyn/ros2_ws/install/mata/share/mata/environment/ament_prefix_path.sh
[0.129s] -- Up-to-date: /home/berwyn/ros2_ws/install/mata/share/mata/environment/ament_prefix_path.dsv
[0.129s] -- Up-to-date: /home/berwyn/ros2_ws/install/mata/share/mata/environment/path.sh
[0.129s] -- Up-to-date: /home/berwyn/ros2_ws/install/mata/share/mata/environment/path.dsv
[0.130s] -- Up-to-date: /home/berwyn/ros2_ws/install/mata/share/mata/local_setup.bash
[0.130s] -- Up-to-date: /home/berwyn/ros2_ws/install/mata/share/mata/local_setup.sh
[0.130s] -- Up-to-date: /home/berwyn/ros2_ws/install/mata/share/mata/local_setup.zsh
[0.130s] -- Up-to-date: /home/berwyn/ros2_ws/install/mata/share/mata/local_setup.dsv
[0.130s] -- Installing: /home/berwyn/ros2_ws/install/mata/share/mata/package.dsv
[0.130s] -- Up-to-date: /home/berwyn/ros2_ws/install/mata/share/ament_index/resource_index/packages/mata
[0.130s] -- Up-to-date: /home/berwyn/ros2_ws/install/mata/share/mata/cmake/mataConfig.cmake
[0.130s] -- Up-to-date: /home/berwyn/ros2_ws/install/mata/share/mata/cmake/mataConfig-version.cmake
[0.131s] -- Up-to-date: /home/berwyn/ros2_ws/install/mata/share/mata/package.xml
[0.133s] Invoked command in '/home/berwyn/ros2_ws/build/mata' returned '0': CMAKE_PREFIX_PATH=${CMAKE_PREFIX_PATH}:/opt/ros/humble /usr/bin/cmake --install /home/berwyn/ros2_ws/build/mata
