[0.047s] Invoking command in '/home/berwyn/ros2_ws/build/mata': /usr/bin/cmake /home/berwyn/ros2_ws/mata -DCMAKE_INSTALL_PREFIX=/home/berwyn/ros2_ws/install/mata
[1.453s] -- The C compiler identification is GNU 11.4.0
[1.790s] -- The CXX compiler identification is GNU 11.4.0
[1.892s] -- Detecting C compiler ABI info
[2.151s] -- Detecting C compiler ABI info - done
[2.160s] -- Check for working C compiler: /usr/bin/cc - skipped
[2.161s] -- Detecting C compile features
[2.185s] -- Detecting C compile features - done
[2.228s] -- Detecting CXX compiler ABI info
[2.431s] -- Detecting CXX compiler ABI info - done
[2.441s] -- Check for working CXX compiler: /usr/bin/c++ - skipped
[2.441s] -- Detecting CXX compile features
[2.442s] -- Detecting CXX compile features - done
[2.516s] [31mCMake Error at CMakeLists.txt:8 (find_package):
[2.516s]   By not providing "Findament_cmake.cmake" in CMAKE_MODULE_PATH this project
[2.516s]   has asked CMake to find a package configuration file provided by
[2.516s]   "ament_cmake", but CMake did not find one.
[2.516s] 
[2.517s]   Could not find a package configuration file provided by "ament_cmake" with
[2.517s]   any of the following names:
[2.517s] 
[2.517s]     ament_cmakeConfig.cmake
[2.518s]     ament_cmake-config.cmake
[2.518s] 
[2.518s]   Add the installation prefix of "ament_cmake" to CMAKE_PREFIX_PATH or set
[2.518s]   "ament_cmake_DIR" to a directory containing one of the above files.  If
[2.519s]   "ament_cmake" provides a separate development package or SDK, be sure it
[2.519s]   has been installed.
[2.519s] 
[2.520s] [0m
[2.520s] -- Configuring incomplete, errors occurred!
[2.520s] See also "/home/berwyn/ros2_ws/build/mata/CMakeFiles/CMakeOutput.log".
[2.524s] Invoked command in '/home/berwyn/ros2_ws/build/mata' returned '1': /usr/bin/cmake /home/berwyn/ros2_ws/mata -DCMAKE_INSTALL_PREFIX=/home/berwyn/ros2_ws/install/mata
