[0.011s] Invoking command in '/home/berwyn/ros2_ws/build/mata': /usr/bin/cmake /home/berwyn/ros2_ws/mata -DCMAKE_INSTALL_PREFIX=/home/berwyn/ros2_ws/install/mata
[0.034s] [31mCMake Error at CMakeLists.txt:10 (find_package):
[0.034s]   By not providing "Findrclcpp.cmake" in CMAKE_MODULE_PATH this project has
[0.034s]   asked CMake to find a package configuration file provided by "rclcpp", but
[0.034s]   CMake did not find one.
[0.035s] 
[0.035s]   Could not find a package configuration file provided by "rclcpp" with any
[0.035s]   of the following names:
[0.035s] 
[0.035s]     rclcppConfig.cmake
[0.035s]     rclcpp-config.cmake
[0.035s] 
[0.035s]   Add the installation prefix of "rclcpp" to CMAKE_PREFIX_PATH or set
[0.035s]   "rclcpp_DIR" to a directory containing one of the above files.  If "rclcpp"
[0.035s]   provides a separate development package or SDK, be sure it has been
[0.035s]   installed.
[0.035s] 
[0.035s] [0m
[0.035s] -- Configuring incomplete, errors occurred!
[0.035s] See also "/home/berwyn/ros2_ws/build/mata/CMakeFiles/CMakeOutput.log".
[0.036s] Invoked command in '/home/berwyn/ros2_ws/build/mata' returned '1': /usr/bin/cmake /home/berwyn/ros2_ws/mata -DCMAKE_INSTALL_PREFIX=/home/berwyn/ros2_ws/install/mata
