[2.291s] DEBUG:colcon:Command line arguments: ['/usr/bin/colcon', 'build']
[2.291s] DEBUG:colcon:Parsed command line arguments: Namespace(log_base=None, log_level=None, verb_name='build', build_base='build', install_base='install', merge_install=False, symlink_install=False, test_result_base=None, continue_on_error=False, executor='parallel', parallel_workers=8, event_handlers=None, ignore_user_meta=False, metas=['./colcon.meta'], base_paths=['.'], packages_ignore=None, packages_ignore_regex=None, paths=None, packages_up_to=None, packages_up_to_regex=None, packages_above=None, packages_above_and_dependencies=None, packages_above_depth=None, packages_select_by_dep=None, packages_skip_by_dep=None, packages_skip_up_to=None, packages_select_build_failed=False, packages_skip_build_finished=False, packages_select_test_failures=False, packages_skip_test_passed=False, packages_select=None, packages_skip=None, packages_select_regex=None, packages_skip_regex=None, packages_start=None, packages_end=None, allow_overriding=[], cmake_args=None, cmake_target=None, cmake_target_skip_unavailable=False, cmake_clean_cache=False, cmake_clean_first=False, cmake_force_configure=False, ament_cmake_args=None, catkin_cmake_args=None, catkin_skip_building_tests=False, verb_parser=<colcon_defaults.argument_parser.defaults.DefaultArgumentsDecorator object at 0x76d0936ebf70>, verb_extension=<colcon_core.verb.build.BuildVerb object at 0x76d09384cac0>, main=<bound method BuildVerb.main of <colcon_core.verb.build.BuildVerb object at 0x76d09384cac0>>)
[4.242s] Level 1:colcon.colcon_core.package_discovery:discover_packages(colcon_meta) check parameters
[4.242s] Level 1:colcon.colcon_core.package_discovery:discover_packages(recursive) check parameters
[4.242s] Level 1:colcon.colcon_core.package_discovery:discover_packages(ignore) check parameters
[4.242s] Level 1:colcon.colcon_core.package_discovery:discover_packages(path) check parameters
[4.242s] Level 1:colcon.colcon_core.package_discovery:discover_packages(colcon_meta) discover
[4.242s] Level 1:colcon.colcon_core.package_discovery:discover_packages(recursive) discover
[4.242s] INFO:colcon.colcon_core.package_discovery:Crawling recursively for packages in '/home/berwyn/ros2_ws'
[4.242s] Level 1:colcon.colcon_core.package_identification:_identify(.) by extensions ['ignore', 'ignore_ament_install']
[4.242s] Level 1:colcon.colcon_core.package_identification:_identify(.) by extension 'ignore'
[4.242s] Level 1:colcon.colcon_core.package_identification:_identify(.) by extension 'ignore_ament_install'
[4.243s] Level 1:colcon.colcon_core.package_identification:_identify(.) by extensions ['colcon_pkg']
[4.243s] Level 1:colcon.colcon_core.package_identification:_identify(.) by extension 'colcon_pkg'
[4.243s] Level 1:colcon.colcon_core.package_identification:_identify(.) by extensions ['colcon_meta']
[4.243s] Level 1:colcon.colcon_core.package_identification:_identify(.) by extension 'colcon_meta'
[4.243s] Level 1:colcon.colcon_core.package_identification:_identify(.) by extensions ['ros']
[4.243s] Level 1:colcon.colcon_core.package_identification:_identify(.) by extension 'ros'
[4.259s] Level 1:colcon.colcon_core.package_identification:_identify(.) by extensions ['cmake', 'python']
[4.259s] Level 1:colcon.colcon_core.package_identification:_identify(.) by extension 'cmake'
[4.259s] Level 1:colcon.colcon_core.package_identification:_identify(.) by extension 'python'
[4.259s] Level 1:colcon.colcon_core.package_identification:_identify(.) by extensions ['python_setup_py']
[4.259s] Level 1:colcon.colcon_core.package_identification:_identify(.) by extension 'python_setup_py'
[4.260s] Level 1:colcon.colcon_core.package_identification:_identify(build) by extensions ['ignore', 'ignore_ament_install']
[4.260s] Level 1:colcon.colcon_core.package_identification:_identify(build) by extension 'ignore'
[4.260s] Level 1:colcon.colcon_core.package_identification:_identify(build) ignored
[4.260s] Level 1:colcon.colcon_core.package_identification:_identify(install) by extensions ['ignore', 'ignore_ament_install']
[4.260s] Level 1:colcon.colcon_core.package_identification:_identify(install) by extension 'ignore'
[4.261s] Level 1:colcon.colcon_core.package_identification:_identify(install) ignored
[4.261s] Level 1:colcon.colcon_core.package_identification:_identify(log) by extensions ['ignore', 'ignore_ament_install']
[4.261s] Level 1:colcon.colcon_core.package_identification:_identify(log) by extension 'ignore'
[4.261s] Level 1:colcon.colcon_core.package_identification:_identify(log) ignored
[4.261s] Level 1:colcon.colcon_core.package_identification:_identify(mata) by extensions ['ignore', 'ignore_ament_install']
[4.261s] Level 1:colcon.colcon_core.package_identification:_identify(mata) by extension 'ignore'
[4.261s] Level 1:colcon.colcon_core.package_identification:_identify(mata) by extension 'ignore_ament_install'
[4.261s] Level 1:colcon.colcon_core.package_identification:_identify(mata) by extensions ['colcon_pkg']
[4.262s] Level 1:colcon.colcon_core.package_identification:_identify(mata) by extension 'colcon_pkg'
[4.262s] Level 1:colcon.colcon_core.package_identification:_identify(mata) by extensions ['colcon_meta']
[4.262s] Level 1:colcon.colcon_core.package_identification:_identify(mata) by extension 'colcon_meta'
[4.262s] Level 1:colcon.colcon_core.package_identification:_identify(mata) by extensions ['ros']
[4.262s] Level 1:colcon.colcon_core.package_identification:_identify(mata) by extension 'ros'
[4.265s] DEBUG:colcon.colcon_core.package_identification:Package 'mata' with type 'ros.ament_cmake' and name 'mata'
[4.265s] Level 1:colcon.colcon_core.package_identification:_identify(src) by extensions ['ignore', 'ignore_ament_install']
[4.265s] Level 1:colcon.colcon_core.package_identification:_identify(src) by extension 'ignore'
[4.265s] Level 1:colcon.colcon_core.package_identification:_identify(src) by extension 'ignore_ament_install'
[4.265s] Level 1:colcon.colcon_core.package_identification:_identify(src) by extensions ['colcon_pkg']
[4.265s] Level 1:colcon.colcon_core.package_identification:_identify(src) by extension 'colcon_pkg'
[4.266s] Level 1:colcon.colcon_core.package_identification:_identify(src) by extensions ['colcon_meta']
[4.266s] Level 1:colcon.colcon_core.package_identification:_identify(src) by extension 'colcon_meta'
[4.266s] Level 1:colcon.colcon_core.package_identification:_identify(src) by extensions ['ros']
[4.266s] Level 1:colcon.colcon_core.package_identification:_identify(src) by extension 'ros'
[4.266s] Level 1:colcon.colcon_core.package_identification:_identify(src) by extensions ['cmake', 'python']
[4.266s] Level 1:colcon.colcon_core.package_identification:_identify(src) by extension 'cmake'
[4.266s] Level 1:colcon.colcon_core.package_identification:_identify(src) by extension 'python'
[4.266s] Level 1:colcon.colcon_core.package_identification:_identify(src) by extensions ['python_setup_py']
[4.266s] Level 1:colcon.colcon_core.package_identification:_identify(src) by extension 'python_setup_py'
[4.266s] Level 1:colcon.colcon_core.package_identification:_identify(src/build) by extensions ['ignore', 'ignore_ament_install']
[4.266s] Level 1:colcon.colcon_core.package_identification:_identify(src/build) by extension 'ignore'
[4.266s] Level 1:colcon.colcon_core.package_identification:_identify(src/build) ignored
[4.266s] Level 1:colcon.colcon_core.package_identification:_identify(src/install) by extensions ['ignore', 'ignore_ament_install']
[4.266s] Level 1:colcon.colcon_core.package_identification:_identify(src/install) by extension 'ignore'
[4.267s] Level 1:colcon.colcon_core.package_identification:_identify(src/install) ignored
[4.267s] Level 1:colcon.colcon_core.package_identification:_identify(src/log) by extensions ['ignore', 'ignore_ament_install']
[4.267s] Level 1:colcon.colcon_core.package_identification:_identify(src/log) by extension 'ignore'
[4.267s] Level 1:colcon.colcon_core.package_identification:_identify(src/log) ignored
[4.267s] Level 1:colcon.colcon_core.package_identification:_identify(yolov5) by extensions ['ignore', 'ignore_ament_install']
[4.267s] Level 1:colcon.colcon_core.package_identification:_identify(yolov5) by extension 'ignore'
[4.267s] Level 1:colcon.colcon_core.package_identification:_identify(yolov5) by extension 'ignore_ament_install'
[4.267s] Level 1:colcon.colcon_core.package_identification:_identify(yolov5) by extensions ['colcon_pkg']
[4.267s] Level 1:colcon.colcon_core.package_identification:_identify(yolov5) by extension 'colcon_pkg'
[4.268s] Level 1:colcon.colcon_core.package_identification:_identify(yolov5) by extensions ['colcon_meta']
[4.268s] Level 1:colcon.colcon_core.package_identification:_identify(yolov5) by extension 'colcon_meta'
[4.268s] Level 1:colcon.colcon_core.package_identification:_identify(yolov5) by extensions ['ros']
[4.268s] Level 1:colcon.colcon_core.package_identification:_identify(yolov5) by extension 'ros'
[4.268s] Level 1:colcon.colcon_core.package_identification:_identify(yolov5) by extensions ['cmake', 'python']
[4.268s] Level 1:colcon.colcon_core.package_identification:_identify(yolov5) by extension 'cmake'
[4.268s] Level 1:colcon.colcon_core.package_identification:_identify(yolov5) by extension 'python'
[4.268s] Level 1:colcon.colcon_core.package_identification:_identify(yolov5) by extensions ['python_setup_py']
[4.268s] Level 1:colcon.colcon_core.package_identification:_identify(yolov5) by extension 'python_setup_py'
[4.268s] Level 1:colcon.colcon_core.package_identification:_identify(yolov5/classify) by extensions ['ignore', 'ignore_ament_install']
[4.268s] Level 1:colcon.colcon_core.package_identification:_identify(yolov5/classify) by extension 'ignore'
[4.268s] Level 1:colcon.colcon_core.package_identification:_identify(yolov5/classify) by extension 'ignore_ament_install'
[4.268s] Level 1:colcon.colcon_core.package_identification:_identify(yolov5/classify) by extensions ['colcon_pkg']
[4.268s] Level 1:colcon.colcon_core.package_identification:_identify(yolov5/classify) by extension 'colcon_pkg'
[4.268s] Level 1:colcon.colcon_core.package_identification:_identify(yolov5/classify) by extensions ['colcon_meta']
[4.268s] Level 1:colcon.colcon_core.package_identification:_identify(yolov5/classify) by extension 'colcon_meta'
[4.268s] Level 1:colcon.colcon_core.package_identification:_identify(yolov5/classify) by extensions ['ros']
[4.269s] Level 1:colcon.colcon_core.package_identification:_identify(yolov5/classify) by extension 'ros'
[4.269s] Level 1:colcon.colcon_core.package_identification:_identify(yolov5/classify) by extensions ['cmake', 'python']
[4.269s] Level 1:colcon.colcon_core.package_identification:_identify(yolov5/classify) by extension 'cmake'
[4.269s] Level 1:colcon.colcon_core.package_identification:_identify(yolov5/classify) by extension 'python'
[4.269s] Level 1:colcon.colcon_core.package_identification:_identify(yolov5/classify) by extensions ['python_setup_py']
[4.269s] Level 1:colcon.colcon_core.package_identification:_identify(yolov5/classify) by extension 'python_setup_py'
[4.269s] Level 1:colcon.colcon_core.package_identification:_identify(yolov5/data) by extensions ['ignore', 'ignore_ament_install']
[4.269s] Level 1:colcon.colcon_core.package_identification:_identify(yolov5/data) by extension 'ignore'
[4.269s] Level 1:colcon.colcon_core.package_identification:_identify(yolov5/data) by extension 'ignore_ament_install'
[4.269s] Level 1:colcon.colcon_core.package_identification:_identify(yolov5/data) by extensions ['colcon_pkg']
[4.269s] Level 1:colcon.colcon_core.package_identification:_identify(yolov5/data) by extension 'colcon_pkg'
[4.269s] Level 1:colcon.colcon_core.package_identification:_identify(yolov5/data) by extensions ['colcon_meta']
[4.269s] Level 1:colcon.colcon_core.package_identification:_identify(yolov5/data) by extension 'colcon_meta'
[4.269s] Level 1:colcon.colcon_core.package_identification:_identify(yolov5/data) by extensions ['ros']
[4.269s] Level 1:colcon.colcon_core.package_identification:_identify(yolov5/data) by extension 'ros'
[4.270s] Level 1:colcon.colcon_core.package_identification:_identify(yolov5/data) by extensions ['cmake', 'python']
[4.270s] Level 1:colcon.colcon_core.package_identification:_identify(yolov5/data) by extension 'cmake'
[4.270s] Level 1:colcon.colcon_core.package_identification:_identify(yolov5/data) by extension 'python'
[4.270s] Level 1:colcon.colcon_core.package_identification:_identify(yolov5/data) by extensions ['python_setup_py']
[4.270s] Level 1:colcon.colcon_core.package_identification:_identify(yolov5/data) by extension 'python_setup_py'
[4.270s] Level 1:colcon.colcon_core.package_identification:_identify(yolov5/data/hyps) by extensions ['ignore', 'ignore_ament_install']
[4.270s] Level 1:colcon.colcon_core.package_identification:_identify(yolov5/data/hyps) by extension 'ignore'
[4.270s] Level 1:colcon.colcon_core.package_identification:_identify(yolov5/data/hyps) by extension 'ignore_ament_install'
[4.270s] Level 1:colcon.colcon_core.package_identification:_identify(yolov5/data/hyps) by extensions ['colcon_pkg']
[4.270s] Level 1:colcon.colcon_core.package_identification:_identify(yolov5/data/hyps) by extension 'colcon_pkg'
[4.270s] Level 1:colcon.colcon_core.package_identification:_identify(yolov5/data/hyps) by extensions ['colcon_meta']
[4.270s] Level 1:colcon.colcon_core.package_identification:_identify(yolov5/data/hyps) by extension 'colcon_meta'
[4.270s] Level 1:colcon.colcon_core.package_identification:_identify(yolov5/data/hyps) by extensions ['ros']
[4.270s] Level 1:colcon.colcon_core.package_identification:_identify(yolov5/data/hyps) by extension 'ros'
[4.270s] Level 1:colcon.colcon_core.package_identification:_identify(yolov5/data/hyps) by extensions ['cmake', 'python']
[4.270s] Level 1:colcon.colcon_core.package_identification:_identify(yolov5/data/hyps) by extension 'cmake'
[4.270s] Level 1:colcon.colcon_core.package_identification:_identify(yolov5/data/hyps) by extension 'python'
[4.271s] Level 1:colcon.colcon_core.package_identification:_identify(yolov5/data/hyps) by extensions ['python_setup_py']
[4.271s] Level 1:colcon.colcon_core.package_identification:_identify(yolov5/data/hyps) by extension 'python_setup_py'
[4.271s] Level 1:colcon.colcon_core.package_identification:_identify(yolov5/data/images) by extensions ['ignore', 'ignore_ament_install']
[4.271s] Level 1:colcon.colcon_core.package_identification:_identify(yolov5/data/images) by extension 'ignore'
[4.271s] Level 1:colcon.colcon_core.package_identification:_identify(yolov5/data/images) by extension 'ignore_ament_install'
[4.271s] Level 1:colcon.colcon_core.package_identification:_identify(yolov5/data/images) by extensions ['colcon_pkg']
[4.271s] Level 1:colcon.colcon_core.package_identification:_identify(yolov5/data/images) by extension 'colcon_pkg'
[4.271s] Level 1:colcon.colcon_core.package_identification:_identify(yolov5/data/images) by extensions ['colcon_meta']
[4.271s] Level 1:colcon.colcon_core.package_identification:_identify(yolov5/data/images) by extension 'colcon_meta'
[4.271s] Level 1:colcon.colcon_core.package_identification:_identify(yolov5/data/images) by extensions ['ros']
[4.271s] Level 1:colcon.colcon_core.package_identification:_identify(yolov5/data/images) by extension 'ros'
[4.271s] Level 1:colcon.colcon_core.package_identification:_identify(yolov5/data/images) by extensions ['cmake', 'python']
[4.271s] Level 1:colcon.colcon_core.package_identification:_identify(yolov5/data/images) by extension 'cmake'
[4.271s] Level 1:colcon.colcon_core.package_identification:_identify(yolov5/data/images) by extension 'python'
[4.271s] Level 1:colcon.colcon_core.package_identification:_identify(yolov5/data/images) by extensions ['python_setup_py']
[4.271s] Level 1:colcon.colcon_core.package_identification:_identify(yolov5/data/images) by extension 'python_setup_py'
[4.271s] Level 1:colcon.colcon_core.package_identification:_identify(yolov5/data/scripts) by extensions ['ignore', 'ignore_ament_install']
[4.272s] Level 1:colcon.colcon_core.package_identification:_identify(yolov5/data/scripts) by extension 'ignore'
[4.272s] Level 1:colcon.colcon_core.package_identification:_identify(yolov5/data/scripts) by extension 'ignore_ament_install'
[4.272s] Level 1:colcon.colcon_core.package_identification:_identify(yolov5/data/scripts) by extensions ['colcon_pkg']
[4.272s] Level 1:colcon.colcon_core.package_identification:_identify(yolov5/data/scripts) by extension 'colcon_pkg'
[4.272s] Level 1:colcon.colcon_core.package_identification:_identify(yolov5/data/scripts) by extensions ['colcon_meta']
[4.272s] Level 1:colcon.colcon_core.package_identification:_identify(yolov5/data/scripts) by extension 'colcon_meta'
[4.272s] Level 1:colcon.colcon_core.package_identification:_identify(yolov5/data/scripts) by extensions ['ros']
[4.272s] Level 1:colcon.colcon_core.package_identification:_identify(yolov5/data/scripts) by extension 'ros'
[4.272s] Level 1:colcon.colcon_core.package_identification:_identify(yolov5/data/scripts) by extensions ['cmake', 'python']
[4.272s] Level 1:colcon.colcon_core.package_identification:_identify(yolov5/data/scripts) by extension 'cmake'
[4.272s] Level 1:colcon.colcon_core.package_identification:_identify(yolov5/data/scripts) by extension 'python'
[4.272s] Level 1:colcon.colcon_core.package_identification:_identify(yolov5/data/scripts) by extensions ['python_setup_py']
[4.272s] Level 1:colcon.colcon_core.package_identification:_identify(yolov5/data/scripts) by extension 'python_setup_py'
[4.273s] Level 1:colcon.colcon_core.package_identification:_identify(yolov5/models) by extensions ['ignore', 'ignore_ament_install']
[4.273s] Level 1:colcon.colcon_core.package_identification:_identify(yolov5/models) by extension 'ignore'
[4.273s] Level 1:colcon.colcon_core.package_identification:_identify(yolov5/models) by extension 'ignore_ament_install'
[4.273s] Level 1:colcon.colcon_core.package_identification:_identify(yolov5/models) by extensions ['colcon_pkg']
[4.273s] Level 1:colcon.colcon_core.package_identification:_identify(yolov5/models) by extension 'colcon_pkg'
[4.273s] Level 1:colcon.colcon_core.package_identification:_identify(yolov5/models) by extensions ['colcon_meta']
[4.273s] Level 1:colcon.colcon_core.package_identification:_identify(yolov5/models) by extension 'colcon_meta'
[4.273s] Level 1:colcon.colcon_core.package_identification:_identify(yolov5/models) by extensions ['ros']
[4.273s] Level 1:colcon.colcon_core.package_identification:_identify(yolov5/models) by extension 'ros'
[4.273s] Level 1:colcon.colcon_core.package_identification:_identify(yolov5/models) by extensions ['cmake', 'python']
[4.273s] Level 1:colcon.colcon_core.package_identification:_identify(yolov5/models) by extension 'cmake'
[4.274s] Level 1:colcon.colcon_core.package_identification:_identify(yolov5/models) by extension 'python'
[4.274s] Level 1:colcon.colcon_core.package_identification:_identify(yolov5/models) by extensions ['python_setup_py']
[4.274s] Level 1:colcon.colcon_core.package_identification:_identify(yolov5/models) by extension 'python_setup_py'
[4.274s] Level 1:colcon.colcon_core.package_identification:_identify(yolov5/models/hub) by extensions ['ignore', 'ignore_ament_install']
[4.274s] Level 1:colcon.colcon_core.package_identification:_identify(yolov5/models/hub) by extension 'ignore'
[4.274s] Level 1:colcon.colcon_core.package_identification:_identify(yolov5/models/hub) by extension 'ignore_ament_install'
[4.274s] Level 1:colcon.colcon_core.package_identification:_identify(yolov5/models/hub) by extensions ['colcon_pkg']
[4.274s] Level 1:colcon.colcon_core.package_identification:_identify(yolov5/models/hub) by extension 'colcon_pkg'
[4.274s] Level 1:colcon.colcon_core.package_identification:_identify(yolov5/models/hub) by extensions ['colcon_meta']
[4.274s] Level 1:colcon.colcon_core.package_identification:_identify(yolov5/models/hub) by extension 'colcon_meta'
[4.274s] Level 1:colcon.colcon_core.package_identification:_identify(yolov5/models/hub) by extensions ['ros']
[4.275s] Level 1:colcon.colcon_core.package_identification:_identify(yolov5/models/hub) by extension 'ros'
[4.275s] Level 1:colcon.colcon_core.package_identification:_identify(yolov5/models/hub) by extensions ['cmake', 'python']
[4.275s] Level 1:colcon.colcon_core.package_identification:_identify(yolov5/models/hub) by extension 'cmake'
[4.275s] Level 1:colcon.colcon_core.package_identification:_identify(yolov5/models/hub) by extension 'python'
[4.275s] Level 1:colcon.colcon_core.package_identification:_identify(yolov5/models/hub) by extensions ['python_setup_py']
[4.275s] Level 1:colcon.colcon_core.package_identification:_identify(yolov5/models/hub) by extension 'python_setup_py'
[4.275s] Level 1:colcon.colcon_core.package_identification:_identify(yolov5/models/segment) by extensions ['ignore', 'ignore_ament_install']
[4.275s] Level 1:colcon.colcon_core.package_identification:_identify(yolov5/models/segment) by extension 'ignore'
[4.275s] Level 1:colcon.colcon_core.package_identification:_identify(yolov5/models/segment) by extension 'ignore_ament_install'
[4.275s] Level 1:colcon.colcon_core.package_identification:_identify(yolov5/models/segment) by extensions ['colcon_pkg']
[4.276s] Level 1:colcon.colcon_core.package_identification:_identify(yolov5/models/segment) by extension 'colcon_pkg'
[4.276s] Level 1:colcon.colcon_core.package_identification:_identify(yolov5/models/segment) by extensions ['colcon_meta']
[4.276s] Level 1:colcon.colcon_core.package_identification:_identify(yolov5/models/segment) by extension 'colcon_meta'
[4.276s] Level 1:colcon.colcon_core.package_identification:_identify(yolov5/models/segment) by extensions ['ros']
[4.276s] Level 1:colcon.colcon_core.package_identification:_identify(yolov5/models/segment) by extension 'ros'
[4.276s] Level 1:colcon.colcon_core.package_identification:_identify(yolov5/models/segment) by extensions ['cmake', 'python']
[4.276s] Level 1:colcon.colcon_core.package_identification:_identify(yolov5/models/segment) by extension 'cmake'
[4.276s] Level 1:colcon.colcon_core.package_identification:_identify(yolov5/models/segment) by extension 'python'
[4.276s] Level 1:colcon.colcon_core.package_identification:_identify(yolov5/models/segment) by extensions ['python_setup_py']
[4.276s] Level 1:colcon.colcon_core.package_identification:_identify(yolov5/models/segment) by extension 'python_setup_py'
[4.276s] Level 1:colcon.colcon_core.package_identification:_identify(yolov5/segment) by extensions ['ignore', 'ignore_ament_install']
[4.276s] Level 1:colcon.colcon_core.package_identification:_identify(yolov5/segment) by extension 'ignore'
[4.277s] Level 1:colcon.colcon_core.package_identification:_identify(yolov5/segment) by extension 'ignore_ament_install'
[4.277s] Level 1:colcon.colcon_core.package_identification:_identify(yolov5/segment) by extensions ['colcon_pkg']
[4.277s] Level 1:colcon.colcon_core.package_identification:_identify(yolov5/segment) by extension 'colcon_pkg'
[4.277s] Level 1:colcon.colcon_core.package_identification:_identify(yolov5/segment) by extensions ['colcon_meta']
[4.277s] Level 1:colcon.colcon_core.package_identification:_identify(yolov5/segment) by extension 'colcon_meta'
[4.277s] Level 1:colcon.colcon_core.package_identification:_identify(yolov5/segment) by extensions ['ros']
[4.277s] Level 1:colcon.colcon_core.package_identification:_identify(yolov5/segment) by extension 'ros'
[4.277s] Level 1:colcon.colcon_core.package_identification:_identify(yolov5/segment) by extensions ['cmake', 'python']
[4.277s] Level 1:colcon.colcon_core.package_identification:_identify(yolov5/segment) by extension 'cmake'
[4.277s] Level 1:colcon.colcon_core.package_identification:_identify(yolov5/segment) by extension 'python'
[4.277s] Level 1:colcon.colcon_core.package_identification:_identify(yolov5/segment) by extensions ['python_setup_py']
[4.277s] Level 1:colcon.colcon_core.package_identification:_identify(yolov5/segment) by extension 'python_setup_py'
[4.278s] Level 1:colcon.colcon_core.package_identification:_identify(yolov5/utils) by extensions ['ignore', 'ignore_ament_install']
[4.278s] Level 1:colcon.colcon_core.package_identification:_identify(yolov5/utils) by extension 'ignore'
[4.278s] Level 1:colcon.colcon_core.package_identification:_identify(yolov5/utils) by extension 'ignore_ament_install'
[4.278s] Level 1:colcon.colcon_core.package_identification:_identify(yolov5/utils) by extensions ['colcon_pkg']
[4.278s] Level 1:colcon.colcon_core.package_identification:_identify(yolov5/utils) by extension 'colcon_pkg'
[4.278s] Level 1:colcon.colcon_core.package_identification:_identify(yolov5/utils) by extensions ['colcon_meta']
[4.278s] Level 1:colcon.colcon_core.package_identification:_identify(yolov5/utils) by extension 'colcon_meta'
[4.278s] Level 1:colcon.colcon_core.package_identification:_identify(yolov5/utils) by extensions ['ros']
[4.278s] Level 1:colcon.colcon_core.package_identification:_identify(yolov5/utils) by extension 'ros'
[4.278s] Level 1:colcon.colcon_core.package_identification:_identify(yolov5/utils) by extensions ['cmake', 'python']
[4.278s] Level 1:colcon.colcon_core.package_identification:_identify(yolov5/utils) by extension 'cmake'
[4.278s] Level 1:colcon.colcon_core.package_identification:_identify(yolov5/utils) by extension 'python'
[4.279s] Level 1:colcon.colcon_core.package_identification:_identify(yolov5/utils) by extensions ['python_setup_py']
[4.279s] Level 1:colcon.colcon_core.package_identification:_identify(yolov5/utils) by extension 'python_setup_py'
[4.279s] Level 1:colcon.colcon_core.package_identification:_identify(yolov5/utils/aws) by extensions ['ignore', 'ignore_ament_install']
[4.279s] Level 1:colcon.colcon_core.package_identification:_identify(yolov5/utils/aws) by extension 'ignore'
[4.279s] Level 1:colcon.colcon_core.package_identification:_identify(yolov5/utils/aws) by extension 'ignore_ament_install'
[4.279s] Level 1:colcon.colcon_core.package_identification:_identify(yolov5/utils/aws) by extensions ['colcon_pkg']
[4.279s] Level 1:colcon.colcon_core.package_identification:_identify(yolov5/utils/aws) by extension 'colcon_pkg'
[4.279s] Level 1:colcon.colcon_core.package_identification:_identify(yolov5/utils/aws) by extensions ['colcon_meta']
[4.279s] Level 1:colcon.colcon_core.package_identification:_identify(yolov5/utils/aws) by extension 'colcon_meta'
[4.279s] Level 1:colcon.colcon_core.package_identification:_identify(yolov5/utils/aws) by extensions ['ros']
[4.279s] Level 1:colcon.colcon_core.package_identification:_identify(yolov5/utils/aws) by extension 'ros'
[4.280s] Level 1:colcon.colcon_core.package_identification:_identify(yolov5/utils/aws) by extensions ['cmake', 'python']
[4.280s] Level 1:colcon.colcon_core.package_identification:_identify(yolov5/utils/aws) by extension 'cmake'
[4.280s] Level 1:colcon.colcon_core.package_identification:_identify(yolov5/utils/aws) by extension 'python'
[4.280s] Level 1:colcon.colcon_core.package_identification:_identify(yolov5/utils/aws) by extensions ['python_setup_py']
[4.280s] Level 1:colcon.colcon_core.package_identification:_identify(yolov5/utils/aws) by extension 'python_setup_py'
[4.280s] Level 1:colcon.colcon_core.package_identification:_identify(yolov5/utils/docker) by extensions ['ignore', 'ignore_ament_install']
[4.280s] Level 1:colcon.colcon_core.package_identification:_identify(yolov5/utils/docker) by extension 'ignore'
[4.280s] Level 1:colcon.colcon_core.package_identification:_identify(yolov5/utils/docker) by extension 'ignore_ament_install'
[4.280s] Level 1:colcon.colcon_core.package_identification:_identify(yolov5/utils/docker) by extensions ['colcon_pkg']
[4.280s] Level 1:colcon.colcon_core.package_identification:_identify(yolov5/utils/docker) by extension 'colcon_pkg'
[4.281s] Level 1:colcon.colcon_core.package_identification:_identify(yolov5/utils/docker) by extensions ['colcon_meta']
[4.281s] Level 1:colcon.colcon_core.package_identification:_identify(yolov5/utils/docker) by extension 'colcon_meta'
[4.281s] Level 1:colcon.colcon_core.package_identification:_identify(yolov5/utils/docker) by extensions ['ros']
[4.281s] Level 1:colcon.colcon_core.package_identification:_identify(yolov5/utils/docker) by extension 'ros'
[4.281s] Level 1:colcon.colcon_core.package_identification:_identify(yolov5/utils/docker) by extensions ['cmake', 'python']
[4.281s] Level 1:colcon.colcon_core.package_identification:_identify(yolov5/utils/docker) by extension 'cmake'
[4.281s] Level 1:colcon.colcon_core.package_identification:_identify(yolov5/utils/docker) by extension 'python'
[4.281s] Level 1:colcon.colcon_core.package_identification:_identify(yolov5/utils/docker) by extensions ['python_setup_py']
[4.281s] Level 1:colcon.colcon_core.package_identification:_identify(yolov5/utils/docker) by extension 'python_setup_py'
[4.281s] Level 1:colcon.colcon_core.package_identification:_identify(yolov5/utils/flask_rest_api) by extensions ['ignore', 'ignore_ament_install']
[4.282s] Level 1:colcon.colcon_core.package_identification:_identify(yolov5/utils/flask_rest_api) by extension 'ignore'
[4.282s] Level 1:colcon.colcon_core.package_identification:_identify(yolov5/utils/flask_rest_api) by extension 'ignore_ament_install'
[4.282s] Level 1:colcon.colcon_core.package_identification:_identify(yolov5/utils/flask_rest_api) by extensions ['colcon_pkg']
[4.282s] Level 1:colcon.colcon_core.package_identification:_identify(yolov5/utils/flask_rest_api) by extension 'colcon_pkg'
[4.282s] Level 1:colcon.colcon_core.package_identification:_identify(yolov5/utils/flask_rest_api) by extensions ['colcon_meta']
[4.282s] Level 1:colcon.colcon_core.package_identification:_identify(yolov5/utils/flask_rest_api) by extension 'colcon_meta'
[4.282s] Level 1:colcon.colcon_core.package_identification:_identify(yolov5/utils/flask_rest_api) by extensions ['ros']
[4.282s] Level 1:colcon.colcon_core.package_identification:_identify(yolov5/utils/flask_rest_api) by extension 'ros'
[4.282s] Level 1:colcon.colcon_core.package_identification:_identify(yolov5/utils/flask_rest_api) by extensions ['cmake', 'python']
[4.282s] Level 1:colcon.colcon_core.package_identification:_identify(yolov5/utils/flask_rest_api) by extension 'cmake'
[4.282s] Level 1:colcon.colcon_core.package_identification:_identify(yolov5/utils/flask_rest_api) by extension 'python'
[4.282s] Level 1:colcon.colcon_core.package_identification:_identify(yolov5/utils/flask_rest_api) by extensions ['python_setup_py']
[4.282s] Level 1:colcon.colcon_core.package_identification:_identify(yolov5/utils/flask_rest_api) by extension 'python_setup_py'
[4.282s] Level 1:colcon.colcon_core.package_identification:_identify(yolov5/utils/google_app_engine) by extensions ['ignore', 'ignore_ament_install']
[4.283s] Level 1:colcon.colcon_core.package_identification:_identify(yolov5/utils/google_app_engine) by extension 'ignore'
[4.283s] Level 1:colcon.colcon_core.package_identification:_identify(yolov5/utils/google_app_engine) by extension 'ignore_ament_install'
[4.283s] Level 1:colcon.colcon_core.package_identification:_identify(yolov5/utils/google_app_engine) by extensions ['colcon_pkg']
[4.283s] Level 1:colcon.colcon_core.package_identification:_identify(yolov5/utils/google_app_engine) by extension 'colcon_pkg'
[4.283s] Level 1:colcon.colcon_core.package_identification:_identify(yolov5/utils/google_app_engine) by extensions ['colcon_meta']
[4.283s] Level 1:colcon.colcon_core.package_identification:_identify(yolov5/utils/google_app_engine) by extension 'colcon_meta'
[4.283s] Level 1:colcon.colcon_core.package_identification:_identify(yolov5/utils/google_app_engine) by extensions ['ros']
[4.283s] Level 1:colcon.colcon_core.package_identification:_identify(yolov5/utils/google_app_engine) by extension 'ros'
[4.283s] Level 1:colcon.colcon_core.package_identification:_identify(yolov5/utils/google_app_engine) by extensions ['cmake', 'python']
[4.283s] Level 1:colcon.colcon_core.package_identification:_identify(yolov5/utils/google_app_engine) by extension 'cmake'
[4.283s] Level 1:colcon.colcon_core.package_identification:_identify(yolov5/utils/google_app_engine) by extension 'python'
[4.283s] Level 1:colcon.colcon_core.package_identification:_identify(yolov5/utils/google_app_engine) by extensions ['python_setup_py']
[4.283s] Level 1:colcon.colcon_core.package_identification:_identify(yolov5/utils/google_app_engine) by extension 'python_setup_py'
[4.284s] Level 1:colcon.colcon_core.package_identification:_identify(yolov5/utils/loggers) by extensions ['ignore', 'ignore_ament_install']
[4.284s] Level 1:colcon.colcon_core.package_identification:_identify(yolov5/utils/loggers) by extension 'ignore'
[4.284s] Level 1:colcon.colcon_core.package_identification:_identify(yolov5/utils/loggers) by extension 'ignore_ament_install'
[4.284s] Level 1:colcon.colcon_core.package_identification:_identify(yolov5/utils/loggers) by extensions ['colcon_pkg']
[4.284s] Level 1:colcon.colcon_core.package_identification:_identify(yolov5/utils/loggers) by extension 'colcon_pkg'
[4.284s] Level 1:colcon.colcon_core.package_identification:_identify(yolov5/utils/loggers) by extensions ['colcon_meta']
[4.284s] Level 1:colcon.colcon_core.package_identification:_identify(yolov5/utils/loggers) by extension 'colcon_meta'
[4.284s] Level 1:colcon.colcon_core.package_identification:_identify(yolov5/utils/loggers) by extensions ['ros']
[4.284s] Level 1:colcon.colcon_core.package_identification:_identify(yolov5/utils/loggers) by extension 'ros'
[4.284s] Level 1:colcon.colcon_core.package_identification:_identify(yolov5/utils/loggers) by extensions ['cmake', 'python']
[4.284s] Level 1:colcon.colcon_core.package_identification:_identify(yolov5/utils/loggers) by extension 'cmake'
[4.284s] Level 1:colcon.colcon_core.package_identification:_identify(yolov5/utils/loggers) by extension 'python'
[4.285s] Level 1:colcon.colcon_core.package_identification:_identify(yolov5/utils/loggers) by extensions ['python_setup_py']
[4.285s] Level 1:colcon.colcon_core.package_identification:_identify(yolov5/utils/loggers) by extension 'python_setup_py'
[4.285s] Level 1:colcon.colcon_core.package_identification:_identify(yolov5/utils/loggers/clearml) by extensions ['ignore', 'ignore_ament_install']
[4.285s] Level 1:colcon.colcon_core.package_identification:_identify(yolov5/utils/loggers/clearml) by extension 'ignore'
[4.285s] Level 1:colcon.colcon_core.package_identification:_identify(yolov5/utils/loggers/clearml) by extension 'ignore_ament_install'
[4.285s] Level 1:colcon.colcon_core.package_identification:_identify(yolov5/utils/loggers/clearml) by extensions ['colcon_pkg']
[4.285s] Level 1:colcon.colcon_core.package_identification:_identify(yolov5/utils/loggers/clearml) by extension 'colcon_pkg'
[4.285s] Level 1:colcon.colcon_core.package_identification:_identify(yolov5/utils/loggers/clearml) by extensions ['colcon_meta']
[4.285s] Level 1:colcon.colcon_core.package_identification:_identify(yolov5/utils/loggers/clearml) by extension 'colcon_meta'
[4.285s] Level 1:colcon.colcon_core.package_identification:_identify(yolov5/utils/loggers/clearml) by extensions ['ros']
[4.285s] Level 1:colcon.colcon_core.package_identification:_identify(yolov5/utils/loggers/clearml) by extension 'ros'
[4.286s] Level 1:colcon.colcon_core.package_identification:_identify(yolov5/utils/loggers/clearml) by extensions ['cmake', 'python']
[4.286s] Level 1:colcon.colcon_core.package_identification:_identify(yolov5/utils/loggers/clearml) by extension 'cmake'
[4.286s] Level 1:colcon.colcon_core.package_identification:_identify(yolov5/utils/loggers/clearml) by extension 'python'
[4.286s] Level 1:colcon.colcon_core.package_identification:_identify(yolov5/utils/loggers/clearml) by extensions ['python_setup_py']
[4.286s] Level 1:colcon.colcon_core.package_identification:_identify(yolov5/utils/loggers/clearml) by extension 'python_setup_py'
[4.286s] Level 1:colcon.colcon_core.package_identification:_identify(yolov5/utils/loggers/comet) by extensions ['ignore', 'ignore_ament_install']
[4.286s] Level 1:colcon.colcon_core.package_identification:_identify(yolov5/utils/loggers/comet) by extension 'ignore'
[4.286s] Level 1:colcon.colcon_core.package_identification:_identify(yolov5/utils/loggers/comet) by extension 'ignore_ament_install'
[4.286s] Level 1:colcon.colcon_core.package_identification:_identify(yolov5/utils/loggers/comet) by extensions ['colcon_pkg']
[4.286s] Level 1:colcon.colcon_core.package_identification:_identify(yolov5/utils/loggers/comet) by extension 'colcon_pkg'
[4.286s] Level 1:colcon.colcon_core.package_identification:_identify(yolov5/utils/loggers/comet) by extensions ['colcon_meta']
[4.286s] Level 1:colcon.colcon_core.package_identification:_identify(yolov5/utils/loggers/comet) by extension 'colcon_meta'
[4.287s] Level 1:colcon.colcon_core.package_identification:_identify(yolov5/utils/loggers/comet) by extensions ['ros']
[4.287s] Level 1:colcon.colcon_core.package_identification:_identify(yolov5/utils/loggers/comet) by extension 'ros'
[4.287s] Level 1:colcon.colcon_core.package_identification:_identify(yolov5/utils/loggers/comet) by extensions ['cmake', 'python']
[4.287s] Level 1:colcon.colcon_core.package_identification:_identify(yolov5/utils/loggers/comet) by extension 'cmake'
[4.287s] Level 1:colcon.colcon_core.package_identification:_identify(yolov5/utils/loggers/comet) by extension 'python'
[4.287s] Level 1:colcon.colcon_core.package_identification:_identify(yolov5/utils/loggers/comet) by extensions ['python_setup_py']
[4.287s] Level 1:colcon.colcon_core.package_identification:_identify(yolov5/utils/loggers/comet) by extension 'python_setup_py'
[4.287s] Level 1:colcon.colcon_core.package_identification:_identify(yolov5/utils/loggers/wandb) by extensions ['ignore', 'ignore_ament_install']
[4.287s] Level 1:colcon.colcon_core.package_identification:_identify(yolov5/utils/loggers/wandb) by extension 'ignore'
[4.287s] Level 1:colcon.colcon_core.package_identification:_identify(yolov5/utils/loggers/wandb) by extension 'ignore_ament_install'
[4.287s] Level 1:colcon.colcon_core.package_identification:_identify(yolov5/utils/loggers/wandb) by extensions ['colcon_pkg']
[4.287s] Level 1:colcon.colcon_core.package_identification:_identify(yolov5/utils/loggers/wandb) by extension 'colcon_pkg'
[4.288s] Level 1:colcon.colcon_core.package_identification:_identify(yolov5/utils/loggers/wandb) by extensions ['colcon_meta']
[4.288s] Level 1:colcon.colcon_core.package_identification:_identify(yolov5/utils/loggers/wandb) by extension 'colcon_meta'
[4.288s] Level 1:colcon.colcon_core.package_identification:_identify(yolov5/utils/loggers/wandb) by extensions ['ros']
[4.288s] Level 1:colcon.colcon_core.package_identification:_identify(yolov5/utils/loggers/wandb) by extension 'ros'
[4.288s] Level 1:colcon.colcon_core.package_identification:_identify(yolov5/utils/loggers/wandb) by extensions ['cmake', 'python']
[4.288s] Level 1:colcon.colcon_core.package_identification:_identify(yolov5/utils/loggers/wandb) by extension 'cmake'
[4.288s] Level 1:colcon.colcon_core.package_identification:_identify(yolov5/utils/loggers/wandb) by extension 'python'
[4.288s] Level 1:colcon.colcon_core.package_identification:_identify(yolov5/utils/loggers/wandb) by extensions ['python_setup_py']
[4.288s] Level 1:colcon.colcon_core.package_identification:_identify(yolov5/utils/loggers/wandb) by extension 'python_setup_py'
[4.288s] Level 1:colcon.colcon_core.package_identification:_identify(yolov5/utils/segment) by extensions ['ignore', 'ignore_ament_install']
[4.288s] Level 1:colcon.colcon_core.package_identification:_identify(yolov5/utils/segment) by extension 'ignore'
[4.288s] Level 1:colcon.colcon_core.package_identification:_identify(yolov5/utils/segment) by extension 'ignore_ament_install'
[4.288s] Level 1:colcon.colcon_core.package_identification:_identify(yolov5/utils/segment) by extensions ['colcon_pkg']
[4.289s] Level 1:colcon.colcon_core.package_identification:_identify(yolov5/utils/segment) by extension 'colcon_pkg'
[4.289s] Level 1:colcon.colcon_core.package_identification:_identify(yolov5/utils/segment) by extensions ['colcon_meta']
[4.289s] Level 1:colcon.colcon_core.package_identification:_identify(yolov5/utils/segment) by extension 'colcon_meta'
[4.289s] Level 1:colcon.colcon_core.package_identification:_identify(yolov5/utils/segment) by extensions ['ros']
[4.289s] Level 1:colcon.colcon_core.package_identification:_identify(yolov5/utils/segment) by extension 'ros'
[4.289s] Level 1:colcon.colcon_core.package_identification:_identify(yolov5/utils/segment) by extensions ['cmake', 'python']
[4.289s] Level 1:colcon.colcon_core.package_identification:_identify(yolov5/utils/segment) by extension 'cmake'
[4.289s] Level 1:colcon.colcon_core.package_identification:_identify(yolov5/utils/segment) by extension 'python'
[4.289s] Level 1:colcon.colcon_core.package_identification:_identify(yolov5/utils/segment) by extensions ['python_setup_py']
[4.289s] Level 1:colcon.colcon_core.package_identification:_identify(yolov5/utils/segment) by extension 'python_setup_py'
[4.289s] Level 1:colcon.colcon_core.package_discovery:discover_packages(recursive) using defaults
[4.289s] Level 1:colcon.colcon_core.package_discovery:discover_packages(ignore) discover
[4.289s] Level 1:colcon.colcon_core.package_discovery:discover_packages(ignore) using defaults
[4.289s] Level 1:colcon.colcon_core.package_discovery:discover_packages(path) discover
[4.289s] Level 1:colcon.colcon_core.package_discovery:discover_packages(path) using defaults
[4.313s] Level 1:colcon.colcon_core.package_discovery:discover_packages(prefix_path) check parameters
[4.313s] Level 1:colcon.colcon_core.package_discovery:discover_packages(prefix_path) discover
[4.315s] DEBUG:colcon.colcon_installed_package_information.package_discovery:Found 1 installed packages in /home/berwyn/ros2_ws/install
[4.315s] DEBUG:colcon.colcon_installed_package_information.package_discovery:Found 1 installed packages in /home/berwyn/ros2_ws/mata/install
[4.316s] DEBUG:colcon.colcon_installed_package_information.package_discovery:Found 0 installed packages in /home/berwyn/ros2_ws/mata/src/install
[4.319s] DEBUG:colcon.colcon_installed_package_information.package_discovery:Found 272 installed packages in /opt/ros/humble
[4.321s] Level 1:colcon.colcon_core.package_discovery:discover_packages(prefix_path) using defaults
[4.448s] Level 5:colcon.colcon_core.verb:set package 'mata' build argument 'cmake_args' from command line to 'None'
[4.448s] Level 5:colcon.colcon_core.verb:set package 'mata' build argument 'cmake_target' from command line to 'None'
[4.448s] Level 5:colcon.colcon_core.verb:set package 'mata' build argument 'cmake_target_skip_unavailable' from command line to 'False'
[4.448s] Level 5:colcon.colcon_core.verb:set package 'mata' build argument 'cmake_clean_cache' from command line to 'False'
[4.448s] Level 5:colcon.colcon_core.verb:set package 'mata' build argument 'cmake_clean_first' from command line to 'False'
[4.448s] Level 5:colcon.colcon_core.verb:set package 'mata' build argument 'cmake_force_configure' from command line to 'False'
[4.448s] Level 5:colcon.colcon_core.verb:set package 'mata' build argument 'ament_cmake_args' from command line to 'None'
[4.448s] Level 5:colcon.colcon_core.verb:set package 'mata' build argument 'catkin_cmake_args' from command line to 'None'
[4.448s] Level 5:colcon.colcon_core.verb:set package 'mata' build argument 'catkin_skip_building_tests' from command line to 'False'
[4.448s] DEBUG:colcon.colcon_core.verb:Building package 'mata' with the following arguments: {'ament_cmake_args': None, 'build_base': '/home/berwyn/ros2_ws/build/mata', 'catkin_cmake_args': None, 'catkin_skip_building_tests': False, 'cmake_args': None, 'cmake_clean_cache': False, 'cmake_clean_first': False, 'cmake_force_configure': False, 'cmake_target': None, 'cmake_target_skip_unavailable': False, 'install_base': '/home/berwyn/ros2_ws/install/mata', 'merge_install': False, 'path': '/home/berwyn/ros2_ws/mata', 'symlink_install': False, 'test_result_base': None}
[4.448s] INFO:colcon.colcon_core.executor:Executing jobs using 'parallel' executor
[4.450s] DEBUG:colcon.colcon_parallel_executor.executor.parallel:run_until_complete
[4.450s] INFO:colcon.colcon_ros.task.ament_cmake.build:Building ROS package in '/home/berwyn/ros2_ws/mata' with build type 'ament_cmake'
[4.450s] INFO:colcon.colcon_cmake.task.cmake.build:Building CMake package in '/home/berwyn/ros2_ws/mata'
[4.453s] INFO:colcon.colcon_core.plugin_system:Skipping extension 'colcon_core.shell.bat': Not used on non-Windows systems
[4.453s] INFO:colcon.colcon_core.shell:Skip shell extension 'powershell' for command environment: Not usable outside of PowerShell
[4.453s] DEBUG:colcon.colcon_core.shell:Skip shell extension 'dsv' for command environment
[4.479s] DEBUG:colcon.colcon_core.event_handler.log_command:Invoking command in '/home/berwyn/ros2_ws/build/mata': CMAKE_PREFIX_PATH=${CMAKE_PREFIX_PATH}:/opt/ros/humble /usr/bin/cmake --build /home/berwyn/ros2_ws/build/mata -- -j8 -l8
[4.608s] DEBUG:colcon.colcon_core.event_handler.log_command:Invoked command in '/home/berwyn/ros2_ws/build/mata' returned '0': CMAKE_PREFIX_PATH=${CMAKE_PREFIX_PATH}:/opt/ros/humble /usr/bin/cmake --build /home/berwyn/ros2_ws/build/mata -- -j8 -l8
[4.647s] DEBUG:colcon.colcon_core.event_handler.log_command:Invoking command in '/home/berwyn/ros2_ws/build/mata': CMAKE_PREFIX_PATH=${CMAKE_PREFIX_PATH}:/opt/ros/humble /usr/bin/cmake --install /home/berwyn/ros2_ws/build/mata
[4.682s] Level 1:colcon.colcon_core.environment:create_environment_scripts_only(mata)
[4.683s] DEBUG:colcon.colcon_core.event_handler.log_command:Invoked command in '/home/berwyn/ros2_ws/build/mata' returned '0': CMAKE_PREFIX_PATH=${CMAKE_PREFIX_PATH}:/opt/ros/humble /usr/bin/cmake --install /home/berwyn/ros2_ws/build/mata
[4.688s] Level 1:colcon.colcon_core.environment:checking '/home/berwyn/ros2_ws/install/mata' for CMake module files
[4.689s] Level 1:colcon.colcon_core.environment:checking '/home/berwyn/ros2_ws/install/mata' for CMake config files
[4.689s] Level 1:colcon.colcon_core.shell:create_environment_hook('mata', 'cmake_prefix_path')
[4.689s] INFO:colcon.colcon_core.shell:Creating environment hook '/home/berwyn/ros2_ws/install/mata/share/mata/hook/cmake_prefix_path.ps1'
[4.690s] INFO:colcon.colcon_core.shell:Creating environment descriptor '/home/berwyn/ros2_ws/install/mata/share/mata/hook/cmake_prefix_path.dsv'
[4.691s] INFO:colcon.colcon_core.shell:Creating environment hook '/home/berwyn/ros2_ws/install/mata/share/mata/hook/cmake_prefix_path.sh'
[4.693s] Level 1:colcon.colcon_core.environment:checking '/home/berwyn/ros2_ws/install/mata/lib'
[4.693s] Level 1:colcon.colcon_core.environment:checking '/home/berwyn/ros2_ws/install/mata/bin'
[4.693s] Level 1:colcon.colcon_core.environment:checking '/home/berwyn/ros2_ws/install/mata/lib/pkgconfig/mata.pc'
[4.694s] Level 1:colcon.colcon_core.environment:checking '/home/berwyn/ros2_ws/install/mata/lib/python3.10/site-packages'
[4.694s] Level 1:colcon.colcon_core.environment:checking '/home/berwyn/ros2_ws/install/mata/bin'
[4.695s] INFO:colcon.colcon_core.shell:Creating package script '/home/berwyn/ros2_ws/install/mata/share/mata/package.ps1'
[4.696s] INFO:colcon.colcon_core.shell:Creating package descriptor '/home/berwyn/ros2_ws/install/mata/share/mata/package.dsv'
[4.697s] INFO:colcon.colcon_core.shell:Creating package script '/home/berwyn/ros2_ws/install/mata/share/mata/package.sh'
[4.698s] INFO:colcon.colcon_core.shell:Creating package script '/home/berwyn/ros2_ws/install/mata/share/mata/package.bash'
[4.699s] INFO:colcon.colcon_core.shell:Creating package script '/home/berwyn/ros2_ws/install/mata/share/mata/package.zsh'
[4.700s] Level 1:colcon.colcon_core.environment:create_file_with_runtime_dependencies(/home/berwyn/ros2_ws/install/mata/share/colcon-core/packages/mata)
[4.732s] Level 1:colcon.colcon_core.environment:create_environment_scripts_only(mata)
[4.732s] Level 1:colcon.colcon_core.environment:checking '/home/berwyn/ros2_ws/install/mata' for CMake module files
[4.733s] Level 1:colcon.colcon_core.environment:checking '/home/berwyn/ros2_ws/install/mata' for CMake config files
[4.733s] Level 1:colcon.colcon_core.shell:create_environment_hook('mata', 'cmake_prefix_path')
[4.734s] INFO:colcon.colcon_core.shell:Creating environment hook '/home/berwyn/ros2_ws/install/mata/share/mata/hook/cmake_prefix_path.ps1'
[4.734s] INFO:colcon.colcon_core.shell:Creating environment descriptor '/home/berwyn/ros2_ws/install/mata/share/mata/hook/cmake_prefix_path.dsv'
[4.735s] INFO:colcon.colcon_core.shell:Creating environment hook '/home/berwyn/ros2_ws/install/mata/share/mata/hook/cmake_prefix_path.sh'
[4.735s] Level 1:colcon.colcon_core.environment:checking '/home/berwyn/ros2_ws/install/mata/lib'
[4.736s] Level 1:colcon.colcon_core.environment:checking '/home/berwyn/ros2_ws/install/mata/bin'
[4.736s] Level 1:colcon.colcon_core.environment:checking '/home/berwyn/ros2_ws/install/mata/lib/pkgconfig/mata.pc'
[4.736s] Level 1:colcon.colcon_core.environment:checking '/home/berwyn/ros2_ws/install/mata/lib/python3.10/site-packages'
[4.736s] Level 1:colcon.colcon_core.environment:checking '/home/berwyn/ros2_ws/install/mata/bin'
[4.737s] INFO:colcon.colcon_core.shell:Creating package script '/home/berwyn/ros2_ws/install/mata/share/mata/package.ps1'
[4.737s] INFO:colcon.colcon_core.shell:Creating package descriptor '/home/berwyn/ros2_ws/install/mata/share/mata/package.dsv'
[4.738s] INFO:colcon.colcon_core.shell:Creating package script '/home/berwyn/ros2_ws/install/mata/share/mata/package.sh'
[4.739s] INFO:colcon.colcon_core.shell:Creating package script '/home/berwyn/ros2_ws/install/mata/share/mata/package.bash'
[4.739s] INFO:colcon.colcon_core.shell:Creating package script '/home/berwyn/ros2_ws/install/mata/share/mata/package.zsh'
[4.740s] Level 1:colcon.colcon_core.environment:create_file_with_runtime_dependencies(/home/berwyn/ros2_ws/install/mata/share/colcon-core/packages/mata)
[4.740s] DEBUG:colcon.colcon_parallel_executor.executor.parallel:closing loop
[4.741s] DEBUG:colcon.colcon_parallel_executor.executor.parallel:loop closed
[4.741s] DEBUG:colcon.colcon_parallel_executor.executor.parallel:run_until_complete finished with '0'
[4.741s] DEBUG:colcon.colcon_core.event_reactor:joining thread
[4.748s] INFO:colcon.colcon_core.plugin_system:Skipping extension 'colcon_notification.desktop_notification.terminal_notifier': Not used on non-Darwin systems
[4.749s] INFO:colcon.colcon_core.plugin_system:Skipping extension 'colcon_notification.desktop_notification.win32': Not used on non-Windows systems
[4.749s] INFO:colcon.colcon_notification.desktop_notification:Sending desktop notification using 'notify2'
[4.767s] DEBUG:colcon.colcon_core.event_reactor:joined thread
[4.768s] INFO:colcon.colcon_core.shell:Creating prefix script '/home/berwyn/ros2_ws/install/local_setup.ps1'
[4.769s] INFO:colcon.colcon_core.shell:Creating prefix util module '/home/berwyn/ros2_ws/install/_local_setup_util_ps1.py'
[4.771s] INFO:colcon.colcon_core.shell:Creating prefix chain script '/home/berwyn/ros2_ws/install/setup.ps1'
[4.775s] INFO:colcon.colcon_core.shell:Creating prefix script '/home/berwyn/ros2_ws/install/local_setup.sh'
[4.776s] INFO:colcon.colcon_core.shell:Creating prefix util module '/home/berwyn/ros2_ws/install/_local_setup_util_sh.py'
[4.777s] INFO:colcon.colcon_core.shell:Creating prefix chain script '/home/berwyn/ros2_ws/install/setup.sh'
[4.779s] INFO:colcon.colcon_core.shell:Creating prefix script '/home/berwyn/ros2_ws/install/local_setup.bash'
[4.780s] INFO:colcon.colcon_core.shell:Creating prefix chain script '/home/berwyn/ros2_ws/install/setup.bash'
[4.782s] INFO:colcon.colcon_core.shell:Creating prefix script '/home/berwyn/ros2_ws/install/local_setup.zsh'
[4.783s] INFO:colcon.colcon_core.shell:Creating prefix chain script '/home/berwyn/ros2_ws/install/setup.zsh'
