[6.082s] DEBUG:colcon:Command line arguments: ['/usr/bin/colcon', 'build']
[6.083s] DEBUG:colcon:Parsed command line arguments: Namespace(log_base=None, log_level=None, verb_name='build', build_base='build', install_base='install', merge_install=False, symlink_install=False, test_result_base=None, continue_on_error=False, executor='parallel', parallel_workers=8, event_handlers=None, ignore_user_meta=False, metas=['./colcon.meta'], base_paths=['.'], packages_ignore=None, packages_ignore_regex=None, paths=None, packages_up_to=None, packages_up_to_regex=None, packages_above=None, packages_above_and_dependencies=None, packages_above_depth=None, packages_select_by_dep=None, packages_skip_by_dep=None, packages_skip_up_to=None, packages_select_build_failed=False, packages_skip_build_finished=False, packages_select_test_failures=False, packages_skip_test_passed=False, packages_select=None, packages_skip=None, packages_select_regex=None, packages_skip_regex=None, packages_start=None, packages_end=None, allow_overriding=[], cmake_args=None, cmake_target=None, cmake_target_skip_unavailable=False, cmake_clean_cache=False, cmake_clean_first=False, cmake_force_configure=False, ament_cmake_args=None, catkin_cmake_args=None, catkin_skip_building_tests=False, verb_parser=<colcon_defaults.argument_parser.defaults.DefaultArgumentsDecorator object at 0x7ded971cf1f0>, verb_extension=<colcon_core.verb.build.BuildVerb object at 0x7ded972dbd90>, main=<bound method BuildVerb.main of <colcon_core.verb.build.BuildVerb object at 0x7ded972dbd90>>)
[15.144s] Level 1:colcon.colcon_core.package_discovery:discover_packages(colcon_meta) check parameters
[15.145s] Level 1:colcon.colcon_core.package_discovery:discover_packages(recursive) check parameters
[15.145s] Level 1:colcon.colcon_core.package_discovery:discover_packages(ignore) check parameters
[15.145s] Level 1:colcon.colcon_core.package_discovery:discover_packages(path) check parameters
[15.145s] Level 1:colcon.colcon_core.package_discovery:discover_packages(colcon_meta) discover
[15.145s] Level 1:colcon.colcon_core.package_discovery:discover_packages(recursive) discover
[15.145s] INFO:colcon.colcon_core.package_discovery:Crawling recursively for packages in '/home/berwyn/ros2_ws/src'
[15.146s] Level 1:colcon.colcon_core.package_identification:_identify(.) by extensions ['ignore', 'ignore_ament_install']
[15.146s] Level 1:colcon.colcon_core.package_identification:_identify(.) by extension 'ignore'
[15.146s] Level 1:colcon.colcon_core.package_identification:_identify(.) by extension 'ignore_ament_install'
[15.147s] Level 1:colcon.colcon_core.package_identification:_identify(.) by extensions ['colcon_pkg']
[15.147s] Level 1:colcon.colcon_core.package_identification:_identify(.) by extension 'colcon_pkg'
[15.147s] Level 1:colcon.colcon_core.package_identification:_identify(.) by extensions ['colcon_meta']
[15.147s] Level 1:colcon.colcon_core.package_identification:_identify(.) by extension 'colcon_meta'
[15.147s] Level 1:colcon.colcon_core.package_identification:_identify(.) by extensions ['ros']
[15.147s] Level 1:colcon.colcon_core.package_identification:_identify(.) by extension 'ros'
[15.239s] Level 1:colcon.colcon_core.package_identification:_identify(.) by extensions ['cmake', 'python']
[15.239s] Level 1:colcon.colcon_core.package_identification:_identify(.) by extension 'cmake'
[15.239s] Level 1:colcon.colcon_core.package_identification:_identify(.) by extension 'python'
[15.239s] Level 1:colcon.colcon_core.package_identification:_identify(.) by extensions ['python_setup_py']
[15.239s] Level 1:colcon.colcon_core.package_identification:_identify(.) by extension 'python_setup_py'
[15.240s] Level 1:colcon.colcon_core.package_identification:_identify(build) by extensions ['ignore', 'ignore_ament_install']
[15.240s] Level 1:colcon.colcon_core.package_identification:_identify(build) by extension 'ignore'
[15.240s] Level 1:colcon.colcon_core.package_identification:_identify(build) ignored
[15.241s] Level 1:colcon.colcon_core.package_identification:_identify(install) by extensions ['ignore', 'ignore_ament_install']
[15.241s] Level 1:colcon.colcon_core.package_identification:_identify(install) by extension 'ignore'
[15.241s] Level 1:colcon.colcon_core.package_identification:_identify(install) ignored
[15.241s] Level 1:colcon.colcon_core.package_identification:_identify(log) by extensions ['ignore', 'ignore_ament_install']
[15.242s] Level 1:colcon.colcon_core.package_identification:_identify(log) by extension 'ignore'
[15.242s] Level 1:colcon.colcon_core.package_identification:_identify(log) ignored
[15.242s] Level 1:colcon.colcon_core.package_discovery:discover_packages(recursive) using defaults
[15.242s] Level 1:colcon.colcon_core.package_discovery:discover_packages(ignore) discover
[15.242s] Level 1:colcon.colcon_core.package_discovery:discover_packages(ignore) using defaults
[15.242s] Level 1:colcon.colcon_core.package_discovery:discover_packages(path) discover
[15.242s] Level 1:colcon.colcon_core.package_discovery:discover_packages(path) using defaults
[15.714s] Level 1:colcon.colcon_core.package_discovery:discover_packages(prefix_path) check parameters
[15.714s] Level 1:colcon.colcon_core.package_discovery:discover_packages(prefix_path) discover
[15.748s] Level 1:colcon.colcon_core.package_discovery:discover_packages(prefix_path) using defaults
[15.753s] INFO:colcon.colcon_core.executor:Executing jobs using 'parallel' executor
[15.756s] DEBUG:colcon.colcon_parallel_executor.executor.parallel:run_until_complete
[15.756s] DEBUG:colcon.colcon_parallel_executor.executor.parallel:closing loop
[15.757s] DEBUG:colcon.colcon_parallel_executor.executor.parallel:loop closed
[15.757s] DEBUG:colcon.colcon_parallel_executor.executor.parallel:run_until_complete finished with '0'
[15.757s] DEBUG:colcon.colcon_core.event_reactor:joining thread
[15.771s] INFO:colcon.colcon_core.plugin_system:Skipping extension 'colcon_notification.desktop_notification.terminal_notifier': Not used on non-Darwin systems
[15.771s] INFO:colcon.colcon_core.plugin_system:Skipping extension 'colcon_notification.desktop_notification.win32': Not used on non-Windows systems
[15.771s] INFO:colcon.colcon_notification.desktop_notification:Sending desktop notification using 'notify2'
[15.783s] DEBUG:colcon.colcon_core.event_reactor:joined thread
[15.933s] INFO:colcon.colcon_core.plugin_system:Skipping extension 'colcon_core.shell.bat': Not used on non-Windows systems
[15.934s] INFO:colcon.colcon_core.shell:Creating prefix script '/home/berwyn/ros2_ws/src/install/local_setup.ps1'
[15.955s] INFO:colcon.colcon_core.shell:Creating prefix util module '/home/berwyn/ros2_ws/src/install/_local_setup_util_ps1.py'
[15.999s] INFO:colcon.colcon_core.shell:Creating prefix chain script '/home/berwyn/ros2_ws/src/install/setup.ps1'
[16.003s] INFO:colcon.colcon_core.shell:Creating prefix script '/home/berwyn/ros2_ws/src/install/local_setup.sh'
[16.029s] INFO:colcon.colcon_core.shell:Creating prefix util module '/home/berwyn/ros2_ws/src/install/_local_setup_util_sh.py'
[16.031s] INFO:colcon.colcon_core.shell:Creating prefix chain script '/home/berwyn/ros2_ws/src/install/setup.sh'
[16.035s] INFO:colcon.colcon_core.shell:Creating prefix script '/home/berwyn/ros2_ws/src/install/local_setup.bash'
[16.063s] INFO:colcon.colcon_core.shell:Creating prefix chain script '/home/berwyn/ros2_ws/src/install/setup.bash'
[16.066s] INFO:colcon.colcon_core.shell:Creating prefix script '/home/berwyn/ros2_ws/src/install/local_setup.zsh'
[16.096s] INFO:colcon.colcon_core.shell:Creating prefix chain script '/home/berwyn/ros2_ws/src/install/setup.zsh'
